#
# There is insufficient memory for the Java Runtime Environment to continue.
# Native memory allocation (malloc) failed to allocate 32744 bytes for ChunkPool::allocate
# Possible reasons:
#   The system is out of physical RAM or swap space
#   The process is running with CompressedOops enabled, and the Java Heap may be blocking the growth of the native heap
# Possible solutions:
#   Reduce memory load on the system
#   Increase physical memory or swap space
#   Check if swap backing store is full
#   Decrease Java heap size (-Xmx/-Xms)
#   Decrease number of Java threads
#   Decrease Java thread stack sizes (-Xss)
#   Set larger code cache with -XX:ReservedCodeCacheSize=
#   JVM is running with Unscaled Compressed Oops mode in which the Java heap is
#     placed in the first 4GB address space. The Java Heap base address is the
#     maximum limit for the native heap growth. Please use -XX:HeapBaseMinAddress
#     to set the Java Heap base and to place the Java Heap above 4GB virtual address.
# This output file may be truncated or incomplete.
#
#  Out of Memory Error (t:/workspace/open/src/hotspot/share/memory/arena.cpp:82), pid=12780, tid=668
#
# JRE version: Java(TM) SE Runtime Environment (10.0.1+10) (build 10.0.1+10)
# Java VM: Java HotSpot(TM) 64-Bit Server VM (10.0.1+10, mixed mode, tiered, compressed oops, g1 gc, windows-amd64)
# No core dump will be written. Minidumps are not enabled by default on client versions of Windows
#

---------------  S U M M A R Y ------------

Command Line: -javaagent:C:\Program Files\JetBrains\IntelliJ IDEA Community Edition 2018.1.5\lib\idea_rt.jar=58249:C:\Program Files\JetBrains\IntelliJ IDEA Community Edition 2018.1.5\bin -Dfile.encoding=UTF-8 untitled5.untitled5

Host: Intel(R) Core(TM) i5-2500K CPU @ 3.30GHz, 4 cores, 7G,  Windows 10 , 64 bit Build 18362 (10.0.18362.329)
Time: Wed Apr 08 16:57:47 2020 Türkiye Standart Saati elapsed time: 34 seconds (0d 0h 0m 34s)

---------------  T H R E A D  ---------------

Current thread (0x00000278ff75c800):  JavaThread "C2 CompilerThread0" daemon [_thread_in_native, id=668, stack(0x0000009cd4000000,0x0000009cd4100000)]


Current CompileTask:
C2:  34984 2855   !   4       sun.awt.PostEventQueue::flush (168 bytes)

Stack: [0x0000009cd4000000,0x0000009cd4100000]
Native frames: (J=compiled Java code, j=interpreted, Vv=VM code, C=native code)
V  [jvm.dll+0x5a0369]
V  [jvm.dll+0x6bcf81]
V  [jvm.dll+0x6be176]
V  [jvm.dll+0x6be803]
V  [jvm.dll+0x234998]
V  [jvm.dll+0xbbb7b]
V  [jvm.dll+0xbb97a]
V  [jvm.dll+0xbbe2c]
V  [jvm.dll+0x3516e6]
V  [jvm.dll+0x350f61]
V  [jvm.dll+0x350fa4]
V  [jvm.dll+0x4a8699]
V  [jvm.dll+0x310f29]
V  [jvm.dll+0x31048a]
V  [jvm.dll+0x1ffde1]
V  [jvm.dll+0x1ff066]
V  [jvm.dll+0x17ca6b]
V  [jvm.dll+0x20c81d]
V  [jvm.dll+0x20b5e6]
V  [jvm.dll+0x68bb6f]
V  [jvm.dll+0x59f680]
C  [msvcr120.dll+0x24f7f]
C  [msvcr120.dll+0x25126]
C  [KERNEL32.DLL+0x17bd4]
C  [ntdll.dll+0x6ced1]


---------------  P R O C E S S  ---------------

Threads class SMR info:
_java_thread_list=0x000002788e615530, length=22, elements={
0x00000278ff73f800, 0x00000278ff740800, 0x00000278840c2800, 0x00000278840c3800,
0x00000278ff75c800, 0x00000278ff75d000, 0x00000278ff771000, 0x00000278ff77e000,
0x000002788434f000, 0x00000278843cc000, 0x00000278842eb000, 0x00000278845c5800,
0x00000278845b6000, 0x00000278845b7000, 0x000002788cb8f000, 0x000002788c857000,
0x000002788e7ce000, 0x000002788e7cf800, 0x000002788e7d1000, 0x000002788e7d4000,
0x000002788e7d5000, 0x000002788e7d2000
}

Java Threads: ( => current thread )
  0x00000278ff73f800 JavaThread "Reference Handler" daemon [_thread_blocked, id=5460, stack(0x0000009cd3c00000,0x0000009cd3d00000)]
  0x00000278ff740800 JavaThread "Finalizer" daemon [_thread_blocked, id=9752, stack(0x0000009cd3d00000,0x0000009cd3e00000)]
  0x00000278840c2800 JavaThread "Signal Dispatcher" daemon [_thread_blocked, id=9232, stack(0x0000009cd3e00000,0x0000009cd3f00000)]
  0x00000278840c3800 JavaThread "Attach Listener" daemon [_thread_blocked, id=8524, stack(0x0000009cd3f00000,0x0000009cd4000000)]
=>0x00000278ff75c800 JavaThread "C2 CompilerThread0" daemon [_thread_in_native, id=668, stack(0x0000009cd4000000,0x0000009cd4100000)]
  0x00000278ff75d000 JavaThread "C2 CompilerThread1" daemon [_thread_in_native, id=9140, stack(0x0000009cd4100000,0x0000009cd4200000)]
  0x00000278ff771000 JavaThread "C1 CompilerThread2" daemon [_thread_in_vm, id=3548, stack(0x0000009cd4200000,0x0000009cd4300000)]
  0x00000278ff77e000 JavaThread "Sweeper thread" daemon [_thread_blocked, id=2864, stack(0x0000009cd4300000,0x0000009cd4400000)]
  0x000002788434f000 JavaThread "Common-Cleaner" daemon [_thread_blocked, id=8740, stack(0x0000009cd4400000,0x0000009cd4500000)]
  0x00000278843cc000 JavaThread "Monitor Ctrl-Break" daemon [_thread_in_native, id=3852, stack(0x0000009cd4500000,0x0000009cd4600000)]
  0x00000278842eb000 JavaThread "Service Thread" daemon [_thread_blocked, id=10424, stack(0x0000009cd4600000,0x0000009cd4700000)]
  0x00000278845c5800 JavaThread "Java2D Disposer" daemon [_thread_blocked, id=7728, stack(0x0000009cd4800000,0x0000009cd4900000)]
  0x00000278845b6000 JavaThread "AWT-Shutdown" [_thread_blocked, id=6792, stack(0x0000009cd4900000,0x0000009cd4a00000)]
  0x00000278845b7000 JavaThread "AWT-Windows" daemon [_thread_in_native, id=2612, stack(0x0000009cd4a00000,0x0000009cd4b00000)]
  0x000002788cb8f000 JavaThread "AWT-EventQueue-0" [_thread_blocked, id=13064, stack(0x0000009cd4d00000,0x0000009cd4e00000)]
  0x000002788c857000 JavaThread "Java Sound Event Dispatcher" daemon [_thread_blocked, id=10076, stack(0x0000009cd5200000,0x0000009cd5300000)]
  0x000002788e7ce000 JavaThread "D3D Screen Updater" daemon [_thread_in_native, id=9864, stack(0x0000009cd5500000,0x0000009cd5600000)]
  0x000002788e7cf800 JavaThread "DestroyJavaVM" [_thread_blocked, id=2824, stack(0x0000009cd2f00000,0x0000009cd3000000)]
  0x000002788e7d1000 JavaThread "TimerQueue" daemon [_thread_blocked, id=436, stack(0x0000009cd4e00000,0x0000009cd4f00000)]
  0x000002788e7d4000 JavaThread "Thread-189" [_thread_blocked, id=4300, stack(0x0000009cd5610000,0x0000009cd5710000)]
  0x000002788e7d5000 JavaThread "Thread-190" [_thread_blocked, id=5540, stack(0x0000009cd5710000,0x0000009cd5810000)]
  0x000002788e7d2000 JavaThread "Thread-194" [_thread_blocked, id=3700, stack(0x0000009cd4b00000,0x0000009cd4c00000)]

Other Threads:
  0x00000278ff73b000 VMThread "VM Thread" [stack: 0x0000009cd3b00000,0x0000009cd3c00000] [id=10924]
  0x00000278842f0800 WatcherThread [stack: 0x0000009cd4700000,0x0000009cd4800000] [id=12792]
  0x00000278e234b000 GCTaskThread "GC Thread#0" [stack: 0x0000009cd3000000,0x0000009cd3100000] [id=8236]
  0x00000278e234c000 GCTaskThread "GC Thread#1" [stack: 0x0000009cd3100000,0x0000009cd3200000] [id=6880]
  0x00000278e234e000 GCTaskThread "GC Thread#2" [stack: 0x0000009cd3200000,0x0000009cd3300000] [id=7816]
  0x00000278e2351000 GCTaskThread "GC Thread#3" [stack: 0x0000009cd3300000,0x0000009cd3400000] [id=10332]
  0x00000278e23c3000 ConcurrentGCThread "G1 Main Marker" [stack: 0x0000009cd3400000,0x0000009cd3500000] [id=12676]
  0x00000278e23c6000 ConcurrentGCThread "G1 Conc#0" [stack: 0x0000009cd3500000,0x0000009cd3600000] [id=2648]
  0x00000278ff5b9800 ConcurrentGCThread "G1 Refine#0" [stack: 0x0000009cd3600000,0x0000009cd3700000] [id=7404]
  0x00000278ff5ba800 ConcurrentGCThread "G1 Refine#1" [stack: 0x0000009cd3700000,0x0000009cd3800000] [id=8828]
  0x00000278ff5bc000 ConcurrentGCThread "G1 Refine#2" [stack: 0x0000009cd3800000,0x0000009cd3900000] [id=2116]
  0x00000278ff5bd800 ConcurrentGCThread "G1 Refine#3" [stack: 0x0000009cd3900000,0x0000009cd3a00000] [id=1132]
  0x00000278ff5c1800 ConcurrentGCThread "G1 Young RemSet Sampling" [stack: 0x0000009cd3a00000,0x0000009cd3b00000] [id=12092]

Threads with active compile tasks:
C2 CompilerThread02855   !   4       sun.awt.PostEventQueue::flush (168 bytes)
C2 CompilerThread12923       4       sun.java2d.SunGraphics2D::getRenderingHint (220 bytes)
C1 CompilerThread22922       3       javax.swing.JViewport::getExtentSize (5 bytes)

VM state:not at safepoint (normal execution)

VM Mutex/Monitor currently owned by a thread: None

Heap address: 0x0000000081e00000, size: 2018 MB, Compressed Oops mode: 32-bit
Narrow klass base: 0x0000000000000000, Narrow klass shift: 3
Compressed class space size: 1073741824 Address: 0x0000000100000000

Heap:
 garbage-first heap   total 131072K, used 18391K [0x0000000081e00000, 0x0000000100000000)
  region size 1024K, 16 young (16384K), 1 survivors (1024K)
 Metaspace       used 19473K, capacity 20024K, committed 20480K, reserved 1067008K
  class space    used 1947K, capacity 2199K, committed 2304K, reserved 1048576K
Heap Regions: E=young(eden), S=young(survivor), O=old, HS=humongous(starts), HC=humongous(continues), CS=collection set, F=free, A=archive, TS=gc time stamp, AC=allocation context, TAMS=top-at-mark-start (previous, next)
|   0|0x0000000081e00000, 0x0000000081f00000, 0x0000000081f00000|100%| O|  |TS  2|AC  0|TAMS 0x0000000081e00000, 0x0000000081e00000|
|   1|0x0000000081f00000, 0x0000000082000000, 0x0000000082000000|100%| O|  |TS  2|AC  0|TAMS 0x0000000081f00000, 0x0000000081f00000|
|   2|0x0000000082000000, 0x0000000082100000, 0x0000000082100000|100%| O|  |TS  2|AC  0|TAMS 0x0000000082000000, 0x0000000082000000|
|   3|0x0000000082100000, 0x0000000082100000, 0x0000000082200000|  0%| F|  |TS  0|AC  0|TAMS 0x0000000082100000, 0x0000000082100000|
|   4|0x0000000082200000, 0x0000000082200000, 0x0000000082300000|  0%| F|  |TS  0|AC  0|TAMS 0x0000000082200000, 0x0000000082200000|
|   5|0x0000000082300000, 0x0000000082300000, 0x0000000082400000|  0%| F|  |TS  0|AC  0|TAMS 0x0000000082300000, 0x0000000082300000|
|   6|0x0000000082400000, 0x0000000082400000, 0x0000000082500000|  0%| F|  |TS  0|AC  0|TAMS 0x0000000082400000, 0x0000000082400000|
|   7|0x0000000082500000, 0x0000000082500000, 0x0000000082600000|  0%| F|  |TS  0|AC  0|TAMS 0x0000000082500000, 0x0000000082500000|
|   8|0x0000000082600000, 0x0000000082600000, 0x0000000082700000|  0%| F|  |TS  0|AC  0|TAMS 0x0000000082600000, 0x0000000082600000|
|   9|0x0000000082700000, 0x0000000082700000, 0x0000000082800000|  0%| F|  |TS  0|AC  0|TAMS 0x0000000082700000, 0x0000000082700000|
|  10|0x0000000082800000, 0x0000000082800000, 0x0000000082900000|  0%| F|  |TS  0|AC  0|TAMS 0x0000000082800000, 0x0000000082800000|
|  11|0x0000000082900000, 0x0000000082900000, 0x0000000082a00000|  0%| F|  |TS  0|AC  0|TAMS 0x0000000082900000, 0x0000000082900000|
|  12|0x0000000082a00000, 0x0000000082a00000, 0x0000000082b00000|  0%| F|  |TS  0|AC  0|TAMS 0x0000000082a00000, 0x0000000082a00000|
|  13|0x0000000082b00000, 0x0000000082b00000, 0x0000000082c00000|  0%| F|  |TS  0|AC  0|TAMS 0x0000000082b00000, 0x0000000082b00000|
|  14|0x0000000082c00000, 0x0000000082c00000, 0x0000000082d00000|  0%| F|  |TS  0|AC  0|TAMS 0x0000000082c00000, 0x0000000082c00000|
|  15|0x0000000082d00000, 0x0000000082d00000, 0x0000000082e00000|  0%| F|  |TS  0|AC  0|TAMS 0x0000000082d00000, 0x0000000082d00000|
|  16|0x0000000082e00000, 0x0000000082e00000, 0x0000000082f00000|  0%| F|  |TS  0|AC  0|TAMS 0x0000000082e00000, 0x0000000082e00000|
|  17|0x0000000082f00000, 0x0000000082f00000, 0x0000000083000000|  0%| F|  |TS  0|AC  0|TAMS 0x0000000082f00000, 0x0000000082f00000|
|  18|0x0000000083000000, 0x0000000083000000, 0x0000000083100000|  0%| F|  |TS  0|AC  0|TAMS 0x0000000083000000, 0x0000000083000000|
|  19|0x0000000083100000, 0x0000000083100000, 0x0000000083200000|  0%| F|  |TS  0|AC  0|TAMS 0x0000000083100000, 0x0000000083100000|
|  20|0x0000000083200000, 0x0000000083200000, 0x0000000083300000|  0%| F|  |TS  0|AC  0|TAMS 0x0000000083200000, 0x0000000083200000|
|  21|0x0000000083300000, 0x0000000083300000, 0x0000000083400000|  0%| F|  |TS  0|AC  0|TAMS 0x0000000083300000, 0x0000000083300000|
|  22|0x0000000083400000, 0x0000000083400000, 0x0000000083500000|  0%| F|  |TS  0|AC  0|TAMS 0x0000000083400000, 0x0000000083400000|
|  23|0x0000000083500000, 0x0000000083500000, 0x0000000083600000|  0%| F|  |TS  0|AC  0|TAMS 0x0000000083500000, 0x0000000083500000|
|  24|0x0000000083600000, 0x0000000083600000, 0x0000000083700000|  0%| F|  |TS  0|AC  0|TAMS 0x0000000083600000, 0x0000000083600000|
|  25|0x0000000083700000, 0x0000000083700000, 0x0000000083800000|  0%| F|  |TS  0|AC  0|TAMS 0x0000000083700000, 0x0000000083700000|
|  26|0x0000000083800000, 0x0000000083800000, 0x0000000083900000|  0%| F|  |TS  0|AC  0|TAMS 0x0000000083800000, 0x0000000083800000|
|  27|0x0000000083900000, 0x0000000083900000, 0x0000000083a00000|  0%| F|  |TS  0|AC  0|TAMS 0x0000000083900000, 0x0000000083900000|
|  28|0x0000000083a00000, 0x0000000083a00000, 0x0000000083b00000|  0%| F|  |TS  0|AC  0|TAMS 0x0000000083a00000, 0x0000000083a00000|
|  29|0x0000000083b00000, 0x0000000083b00000, 0x0000000083c00000|  0%| F|  |TS  0|AC  0|TAMS 0x0000000083b00000, 0x0000000083b00000|
|  30|0x0000000083c00000, 0x0000000083c00000, 0x0000000083d00000|  0%| F|  |TS  0|AC  0|TAMS 0x0000000083c00000, 0x0000000083c00000|
|  31|0x0000000083d00000, 0x0000000083d00000, 0x0000000083e00000|  0%| F|  |TS  0|AC  0|TAMS 0x0000000083d00000, 0x0000000083d00000|
|  32|0x0000000083e00000, 0x0000000083e00000, 0x0000000083f00000|  0%| F|  |TS  0|AC  0|TAMS 0x0000000083e00000, 0x0000000083e00000|
|  33|0x0000000083f00000, 0x0000000083f00000, 0x0000000084000000|  0%| F|  |TS  0|AC  0|TAMS 0x0000000083f00000, 0x0000000083f00000|
|  34|0x0000000084000000, 0x0000000084000000, 0x0000000084100000|  0%| F|  |TS  0|AC  0|TAMS 0x0000000084000000, 0x0000000084000000|
|  35|0x0000000084100000, 0x0000000084100000, 0x0000000084200000|  0%| F|  |TS  0|AC  0|TAMS 0x0000000084100000, 0x0000000084100000|
|  36|0x0000000084200000, 0x0000000084200000, 0x0000000084300000|  0%| F|  |TS  0|AC  0|TAMS 0x0000000084200000, 0x0000000084200000|
|  37|0x0000000084300000, 0x0000000084300000, 0x0000000084400000|  0%| F|  |TS  0|AC  0|TAMS 0x0000000084300000, 0x0000000084300000|
|  38|0x0000000084400000, 0x0000000084400000, 0x0000000084500000|  0%| F|  |TS  0|AC  0|TAMS 0x0000000084400000, 0x0000000084400000|
|  39|0x0000000084500000, 0x0000000084500000, 0x0000000084600000|  0%| F|  |TS  0|AC  0|TAMS 0x0000000084500000, 0x0000000084500000|
|  40|0x0000000084600000, 0x0000000084600000, 0x0000000084700000|  0%| F|  |TS  0|AC  0|TAMS 0x0000000084600000, 0x0000000084600000|
|  41|0x0000000084700000, 0x0000000084700000, 0x0000000084800000|  0%| F|  |TS  0|AC  0|TAMS 0x0000000084700000, 0x0000000084700000|
|  42|0x0000000084800000, 0x0000000084800000, 0x0000000084900000|  0%| F|  |TS  0|AC  0|TAMS 0x0000000084800000, 0x0000000084800000|
|  43|0x0000000084900000, 0x0000000084900000, 0x0000000084a00000|  0%| F|  |TS  0|AC  0|TAMS 0x0000000084900000, 0x0000000084900000|
|  44|0x0000000084a00000, 0x0000000084a00000, 0x0000000084b00000|  0%| F|  |TS  0|AC  0|TAMS 0x0000000084a00000, 0x0000000084a00000|
|  45|0x0000000084b00000, 0x0000000084b00000, 0x0000000084c00000|  0%| F|  |TS  0|AC  0|TAMS 0x0000000084b00000, 0x0000000084b00000|
|  46|0x0000000084c00000, 0x0000000084c00000, 0x0000000084d00000|  0%| F|  |TS  0|AC  0|TAMS 0x0000000084c00000, 0x0000000084c00000|
|  47|0x0000000084d00000, 0x0000000084d00000, 0x0000000084e00000|  0%| F|  |TS  0|AC  0|TAMS 0x0000000084d00000, 0x0000000084d00000|
|  48|0x0000000084e00000, 0x0000000084e00000, 0x0000000084f00000|  0%| F|  |TS  0|AC  0|TAMS 0x0000000084e00000, 0x0000000084e00000|
|  49|0x0000000084f00000, 0x0000000084f00000, 0x0000000085000000|  0%| F|  |TS  0|AC  0|TAMS 0x0000000084f00000, 0x0000000084f00000|
|  50|0x0000000085000000, 0x0000000085000000, 0x0000000085100000|  0%| F|  |TS  0|AC  0|TAMS 0x0000000085000000, 0x0000000085000000|
|  51|0x0000000085100000, 0x0000000085100000, 0x0000000085200000|  0%| F|  |TS  0|AC  0|TAMS 0x0000000085100000, 0x0000000085100000|
|  52|0x0000000085200000, 0x0000000085200000, 0x0000000085300000|  0%| F|  |TS  0|AC  0|TAMS 0x0000000085200000, 0x0000000085200000|
|  53|0x0000000085300000, 0x0000000085300000, 0x0000000085400000|  0%| F|  |TS  0|AC  0|TAMS 0x0000000085300000, 0x0000000085300000|
|  54|0x0000000085400000, 0x0000000085400000, 0x0000000085500000|  0%| F|  |TS  0|AC  0|TAMS 0x0000000085400000, 0x0000000085400000|
|  55|0x0000000085500000, 0x0000000085500000, 0x0000000085600000|  0%| F|  |TS  0|AC  0|TAMS 0x0000000085500000, 0x0000000085500000|
|  56|0x0000000085600000, 0x0000000085600000, 0x0000000085700000|  0%| F|  |TS  0|AC  0|TAMS 0x0000000085600000, 0x0000000085600000|
|  57|0x0000000085700000, 0x0000000085700000, 0x0000000085800000|  0%| F|  |TS  0|AC  0|TAMS 0x0000000085700000, 0x0000000085700000|
|  58|0x0000000085800000, 0x0000000085800000, 0x0000000085900000|  0%| F|  |TS  0|AC  0|TAMS 0x0000000085800000, 0x0000000085800000|
|  59|0x0000000085900000, 0x0000000085900000, 0x0000000085a00000|  0%| F|  |TS  0|AC  0|TAMS 0x0000000085900000, 0x0000000085900000|
|  60|0x0000000085a00000, 0x0000000085a00000, 0x0000000085b00000|  0%| F|  |TS  0|AC  0|TAMS 0x0000000085a00000, 0x0000000085a00000|
|  61|0x0000000085b00000, 0x0000000085b00000, 0x0000000085c00000|  0%| F|  |TS  0|AC  0|TAMS 0x0000000085b00000, 0x0000000085b00000|
|  62|0x0000000085c00000, 0x0000000085c00000, 0x0000000085d00000|  0%| F|  |TS  0|AC  0|TAMS 0x0000000085c00000, 0x0000000085c00000|
|  63|0x0000000085d00000, 0x0000000085d00000, 0x0000000085e00000|  0%| F|  |TS  0|AC  0|TAMS 0x0000000085d00000, 0x0000000085d00000|
|  64|0x0000000085e00000, 0x0000000085e00000, 0x0000000085f00000|  0%| F|  |TS  0|AC  0|TAMS 0x0000000085e00000, 0x0000000085e00000|
|  65|0x0000000085f00000, 0x0000000085f00000, 0x0000000086000000|  0%| F|  |TS  0|AC  0|TAMS 0x0000000085f00000, 0x0000000085f00000|
|  66|0x0000000086000000, 0x0000000086000000, 0x0000000086100000|  0%| F|  |TS  0|AC  0|TAMS 0x0000000086000000, 0x0000000086000000|
|  67|0x0000000086100000, 0x0000000086100000, 0x0000000086200000|  0%| F|  |TS  0|AC  0|TAMS 0x0000000086100000, 0x0000000086100000|
|  68|0x0000000086200000, 0x0000000086200000, 0x0000000086300000|  0%| F|  |TS  0|AC  0|TAMS 0x0000000086200000, 0x0000000086200000|
|  69|0x0000000086300000, 0x0000000086300000, 0x0000000086400000|  0%| F|  |TS  0|AC  0|TAMS 0x0000000086300000, 0x0000000086300000|
|  70|0x0000000086400000, 0x0000000086400000, 0x0000000086500000|  0%| F|  |TS  0|AC  0|TAMS 0x0000000086400000, 0x0000000086400000|
|  71|0x0000000086500000, 0x0000000086500000, 0x0000000086600000|  0%| F|  |TS  0|AC  0|TAMS 0x0000000086500000, 0x0000000086500000|
|  72|0x0000000086600000, 0x0000000086600000, 0x0000000086700000|  0%| F|  |TS  0|AC  0|TAMS 0x0000000086600000, 0x0000000086600000|
|  73|0x0000000086700000, 0x0000000086700000, 0x0000000086800000|  0%| F|  |TS  0|AC  0|TAMS 0x0000000086700000, 0x0000000086700000|
|  74|0x0000000086800000, 0x0000000086800000, 0x0000000086900000|  0%| F|  |TS  0|AC  0|TAMS 0x0000000086800000, 0x0000000086800000|
|  75|0x0000000086900000, 0x0000000086900000, 0x0000000086a00000|  0%| F|  |TS  0|AC  0|TAMS 0x0000000086900000, 0x0000000086900000|
|  76|0x0000000086a00000, 0x0000000086a00000, 0x0000000086b00000|  0%| F|  |TS  0|AC  0|TAMS 0x0000000086a00000, 0x0000000086a00000|
|  77|0x0000000086b00000, 0x0000000086b00000, 0x0000000086c00000|  0%| F|  |TS  0|AC  0|TAMS 0x0000000086b00000, 0x0000000086b00000|
|  78|0x0000000086c00000, 0x0000000086c00000, 0x0000000086d00000|  0%| F|  |TS  0|AC  0|TAMS 0x0000000086c00000, 0x0000000086c00000|
|  79|0x0000000086d00000, 0x0000000086d00000, 0x0000000086e00000|  0%| F|  |TS  0|AC  0|TAMS 0x0000000086d00000, 0x0000000086d00000|
|  80|0x0000000086e00000, 0x0000000086e00000, 0x0000000086f00000|  0%| F|  |TS  0|AC  0|TAMS 0x0000000086e00000, 0x0000000086e00000|
|  81|0x0000000086f00000, 0x0000000086f00000, 0x0000000087000000|  0%| F|  |TS  0|AC  0|TAMS 0x0000000086f00000, 0x0000000086f00000|
|  82|0x0000000087000000, 0x0000000087000000, 0x0000000087100000|  0%| F|  |TS  0|AC  0|TAMS 0x0000000087000000, 0x0000000087000000|
|  83|0x0000000087100000, 0x0000000087100000, 0x0000000087200000|  0%| F|  |TS  0|AC  0|TAMS 0x0000000087100000, 0x0000000087100000|
|  84|0x0000000087200000, 0x0000000087200000, 0x0000000087300000|  0%| F|  |TS  0|AC  0|TAMS 0x0000000087200000, 0x0000000087200000|
|  85|0x0000000087300000, 0x0000000087300000, 0x0000000087400000|  0%| F|  |TS  0|AC  0|TAMS 0x0000000087300000, 0x0000000087300000|
|  86|0x0000000087400000, 0x0000000087400000, 0x0000000087500000|  0%| F|  |TS  0|AC  0|TAMS 0x0000000087400000, 0x0000000087400000|
|  87|0x0000000087500000, 0x0000000087500000, 0x0000000087600000|  0%| F|  |TS  0|AC  0|TAMS 0x0000000087500000, 0x0000000087500000|
|  88|0x0000000087600000, 0x0000000087600000, 0x0000000087700000|  0%| F|  |TS  0|AC  0|TAMS 0x0000000087600000, 0x0000000087600000|
|  89|0x0000000087700000, 0x0000000087700000, 0x0000000087800000|  0%| F|  |TS  0|AC  0|TAMS 0x0000000087700000, 0x0000000087700000|
|  90|0x0000000087800000, 0x0000000087800000, 0x0000000087900000|  0%| F|  |TS  0|AC  0|TAMS 0x0000000087800000, 0x0000000087800000|
|  91|0x0000000087900000, 0x0000000087900000, 0x0000000087a00000|  0%| F|  |TS  0|AC  0|TAMS 0x0000000087900000, 0x0000000087900000|
|  92|0x0000000087a00000, 0x0000000087a00000, 0x0000000087b00000|  0%| F|  |TS  0|AC  0|TAMS 0x0000000087a00000, 0x0000000087a00000|
|  93|0x0000000087b00000, 0x0000000087b00000, 0x0000000087c00000|  0%| F|  |TS  0|AC  0|TAMS 0x0000000087b00000, 0x0000000087b00000|
|  94|0x0000000087c00000, 0x0000000087c00000, 0x0000000087d00000|  0%| F|  |TS  0|AC  0|TAMS 0x0000000087c00000, 0x0000000087c00000|
|  95|0x0000000087d00000, 0x0000000087d00000, 0x0000000087e00000|  0%| F|  |TS  0|AC  0|TAMS 0x0000000087d00000, 0x0000000087d00000|
|  96|0x0000000087e00000, 0x0000000087e00000, 0x0000000087f00000|  0%| F|  |TS  0|AC  0|TAMS 0x0000000087e00000, 0x0000000087e00000|
|  97|0x0000000087f00000, 0x0000000087f00000, 0x0000000088000000|  0%| F|  |TS  0|AC  0|TAMS 0x0000000087f00000, 0x0000000087f00000|
|  98|0x0000000088000000, 0x0000000088000000, 0x0000000088100000|  0%| F|  |TS  0|AC  0|TAMS 0x0000000088000000, 0x0000000088000000|
|  99|0x0000000088100000, 0x00000000881f5de0, 0x0000000088200000| 96%| S|CS|TS  3|AC  0|TAMS 0x0000000088100000, 0x0000000088100000|
| 100|0x0000000088200000, 0x0000000088200000, 0x0000000088300000|  0%| F|  |TS  3|AC  0|TAMS 0x0000000088200000, 0x0000000088200000|
| 101|0x0000000088300000, 0x0000000088300000, 0x0000000088400000|  0%| F|  |TS  3|AC  0|TAMS 0x0000000088300000, 0x0000000088300000|
| 102|0x0000000088400000, 0x0000000088400000, 0x0000000088500000|  0%| F|  |TS  3|AC  0|TAMS 0x0000000088400000, 0x0000000088400000|
| 103|0x0000000088500000, 0x0000000088500000, 0x0000000088600000|  0%| F|  |TS  3|AC  0|TAMS 0x0000000088500000, 0x0000000088500000|
| 104|0x0000000088600000, 0x0000000088600000, 0x0000000088700000|  0%| F|  |TS  3|AC  0|TAMS 0x0000000088600000, 0x0000000088600000|
| 105|0x0000000088700000, 0x0000000088700000, 0x0000000088800000|  0%| F|  |TS  3|AC  0|TAMS 0x0000000088700000, 0x0000000088700000|
| 106|0x0000000088800000, 0x0000000088800000, 0x0000000088900000|  0%| F|  |TS  3|AC  0|TAMS 0x0000000088800000, 0x0000000088800000|
| 107|0x0000000088900000, 0x0000000088900000, 0x0000000088a00000|  0%| F|  |TS  3|AC  0|TAMS 0x0000000088900000, 0x0000000088900000|
| 108|0x0000000088a00000, 0x0000000088a00000, 0x0000000088b00000|  0%| F|  |TS  3|AC  0|TAMS 0x0000000088a00000, 0x0000000088a00000|
| 109|0x0000000088b00000, 0x0000000088b00000, 0x0000000088c00000|  0%| F|  |TS  3|AC  0|TAMS 0x0000000088b00000, 0x0000000088b00000|
| 110|0x0000000088c00000, 0x0000000088c00000, 0x0000000088d00000|  0%| F|  |TS  3|AC  0|TAMS 0x0000000088c00000, 0x0000000088c00000|
| 111|0x0000000088d00000, 0x0000000088d00000, 0x0000000088e00000|  0%| F|  |TS  3|AC  0|TAMS 0x0000000088d00000, 0x0000000088d00000|
| 112|0x0000000088e00000, 0x0000000088e00000, 0x0000000088f00000|  0%| F|  |TS  3|AC  0|TAMS 0x0000000088e00000, 0x0000000088e00000|
| 113|0x0000000088f00000, 0x0000000089000000, 0x0000000089000000|100%| E|  |TS  3|AC  0|TAMS 0x0000000088f00000, 0x0000000088f00000|
| 114|0x0000000089000000, 0x0000000089100000, 0x0000000089100000|100%| E|CS|TS  3|AC  0|TAMS 0x0000000089000000, 0x0000000089000000|
| 115|0x0000000089100000, 0x0000000089200000, 0x0000000089200000|100%| E|CS|TS  3|AC  0|TAMS 0x0000000089100000, 0x0000000089100000|
| 116|0x0000000089200000, 0x0000000089300000, 0x0000000089300000|100%| E|CS|TS  3|AC  0|TAMS 0x0000000089200000, 0x0000000089200000|
| 117|0x0000000089300000, 0x0000000089400000, 0x0000000089400000|100%| E|CS|TS  3|AC  0|TAMS 0x0000000089300000, 0x0000000089300000|
| 118|0x0000000089400000, 0x0000000089500000, 0x0000000089500000|100%| E|CS|TS  3|AC  0|TAMS 0x0000000089400000, 0x0000000089400000|
| 119|0x0000000089500000, 0x0000000089600000, 0x0000000089600000|100%| E|CS|TS  3|AC  0|TAMS 0x0000000089500000, 0x0000000089500000|
| 120|0x0000000089600000, 0x0000000089700000, 0x0000000089700000|100%| E|CS|TS  3|AC  0|TAMS 0x0000000089600000, 0x0000000089600000|
| 121|0x0000000089700000, 0x0000000089800000, 0x0000000089800000|100%| E|CS|TS  3|AC  0|TAMS 0x0000000089700000, 0x0000000089700000|
| 122|0x0000000089800000, 0x0000000089900000, 0x0000000089900000|100%| E|CS|TS  3|AC  0|TAMS 0x0000000089800000, 0x0000000089800000|
| 123|0x0000000089900000, 0x0000000089a00000, 0x0000000089a00000|100%| E|CS|TS  3|AC  0|TAMS 0x0000000089900000, 0x0000000089900000|
| 124|0x0000000089a00000, 0x0000000089b00000, 0x0000000089b00000|100%| E|CS|TS  3|AC  0|TAMS 0x0000000089a00000, 0x0000000089a00000|
| 125|0x0000000089b00000, 0x0000000089c00000, 0x0000000089c00000|100%| E|CS|TS  3|AC  0|TAMS 0x0000000089b00000, 0x0000000089b00000|
| 126|0x0000000089c00000, 0x0000000089d00000, 0x0000000089d00000|100%| E|CS|TS  3|AC  0|TAMS 0x0000000089c00000, 0x0000000089c00000|
| 127|0x0000000089d00000, 0x0000000089e00000, 0x0000000089e00000|100%| E|CS|TS  3|AC  0|TAMS 0x0000000089d00000, 0x0000000089d00000|

Card table byte_map: [0x00000278fcac0000,0x00000278fcec0000] byte_map_base: 0x00000278fc6b1000

Marking Bits (Prev, Next): (CMBitMap*) 0x00000278e23c23c0, (CMBitMap*) 0x00000278e23c23f8
 Prev Bits: [0x00000278fd2c0000, 0x00000278ff248000)
 Next Bits: [0x0000027880000000, 0x0000027881f88000)

Polling page: 0x00000278e0140000

CodeHeap 'non-profiled nmethods': size=120064Kb used=1664Kb max_used=1664Kb free=118399Kb
 bounds [0x00000278f5180000, 0x00000278f53f0000, 0x00000278fc6c0000]
CodeHeap 'profiled nmethods': size=120000Kb used=5679Kb max_used=5679Kb free=114320Kb
 bounds [0x00000278edc50000, 0x00000278ee1e0000, 0x00000278f5180000]
CodeHeap 'non-nmethods': size=5696Kb used=1243Kb max_used=1284Kb free=4452Kb
 bounds [0x00000278ed6c0000, 0x00000278ed930000, 0x00000278edc50000]
 total_blobs=4371 nmethods=2804 adapters=537
 compilation: enabled

Compilation events (10 events):
Event: 34.962 Thread 0x00000278ff771000 2917       3       java.util.WeakHashMap::get (77 bytes)
Event: 34.963 Thread 0x00000278ff771000 nmethod 2917 0x00000278ee1d8110 code [0x00000278ee1d8340, 0x00000278ee1d8b90]
Event: 34.967 Thread 0x00000278ff75d000 2918       4       sun.util.logging.PlatformLogger::isLoggable (23 bytes)
Event: 34.968 Thread 0x00000278ff75d000 nmethod 2918 0x00000278f531ff90 code [0x00000278f5320140, 0x00000278f5320208]
Event: 34.969 Thread 0x00000278ff771000 2919   !   3       javax.swing.JViewport::setViewPosition (359 bytes)
Event: 34.971 Thread 0x00000278ff771000 nmethod 2919 0x00000278ee1d8e90 code [0x00000278ee1d93c0, 0x00000278ee1dc3c0]
Event: 34.973 Thread 0x00000278ff771000 2920       3       javax.swing.plaf.metal.MetalTheme::getWhite (4 bytes)
Event: 34.973 Thread 0x00000278ff771000 nmethod 2920 0x00000278ee1dd610 code [0x00000278ee1dd7c0, 0x00000278ee1dd938]
Event: 34.978 Thread 0x00000278ff771000 2921       3       javax.swing.plaf.basic.BasicListUI::getHeight (82 bytes)
Event: 34.979 Thread 0x00000278ff771000 nmethod 2921 0x00000278ee1dda10 code [0x00000278ee1ddc00, 0x00000278ee1de090]

GC Heap History (6 events):
Event: 1.361 GC heap before
{Heap before GC invocations=0 (full 0):
 garbage-first heap   total 131072K, used 14336K [0x0000000081e00000, 0x0000000100000000)
  region size 1024K, 14 young (14336K), 0 survivors (0K)
 Metaspace       used 16784K, capacity 17226K, committed 17408K, reserved 1064960K
  class space    used 1791K, capacity 1994K, committed 2048K, reserved 1048576K
}
Event: 1.366 GC heap after
{Heap after GC invocations=1 (full 0):
 garbage-first heap   total 131072K, used 3064K [0x0000000081e00000, 0x0000000100000000)
  region size 1024K, 2 young (2048K), 2 survivors (2048K)
 Metaspace       used 16784K, capacity 17226K, committed 17408K, reserved 1064960K
  class space    used 1791K, capacity 1994K, committed 2048K, reserved 1048576K
}
Event: 10.175 GC heap before
{Heap before GC invocations=1 (full 0):
 garbage-first heap   total 131072K, used 10232K [0x0000000081e00000, 0x0000000100000000)
  region size 1024K, 9 young (9216K), 2 survivors (2048K)
 Metaspace       used 18842K, capacity 19382K, committed 19712K, reserved 1067008K
  class space    used 1935K, capacity 2181K, committed 2304K, reserved 1048576K
}
Event: 10.181 GC heap after
{Heap after GC invocations=2 (full 0):
 garbage-first heap   total 131072K, used 4224K [0x0000000081e00000, 0x0000000100000000)
  region size 1024K, 2 young (2048K), 2 survivors (2048K)
 Metaspace       used 18842K, capacity 19382K, committed 19712K, reserved 1067008K
  class space    used 1935K, capacity 2181K, committed 2304K, reserved 1048576K
}
Event: 13.119 GC heap before
{Heap before GC invocations=2 (full 0):
 garbage-first heap   total 131072K, used 30848K [0x0000000081e00000, 0x0000000100000000)
  region size 1024K, 28 young (28672K), 2 survivors (2048K)
 Metaspace       used 19023K, capacity 19575K, committed 19968K, reserved 1067008K
  class space    used 1935K, capacity 2181K, committed 2304K, reserved 1048576K
}
Event: 13.121 GC heap after
{Heap after GC invocations=3 (full 0):
 garbage-first heap   total 131072K, used 4055K [0x0000000081e00000, 0x0000000100000000)
  region size 1024K, 1 young (1024K), 1 survivors (1024K)
 Metaspace       used 19023K, capacity 19575K, committed 19968K, reserved 1067008K
  class space    used 1935K, capacity 2181K, committed 2304K, reserved 1048576K
}

Deoptimization events (10 events):
Event: 23.926 Thread 0x000002788cb8f000 Uncommon trap: reason=unstable_if action=reinterpret pc=0x00000278f5293f38 method=java.awt.Font.equals(Ljava/lang/Object;)Z @ 2 c2
Event: 23.927 Thread 0x000002788cb8f000 Uncommon trap: reason=unstable_if action=reinterpret pc=0x00000278f52a096c method=java.beans.PropertyChangeSupport.firePropertyChange(Ljava/beans/PropertyChangeEvent;)V @ 15 c2
Event: 23.927 Thread 0x000002788cb8f000 Uncommon trap: reason=unstable_if action=reinterpret pc=0x00000278f528b22c method=javax.swing.UIDefaults.get(Ljava/lang/Object;Ljava/util/Locale;)Ljava/lang/Object; @ 7 c2
Event: 23.928 Thread 0x000002788cb8f000 Uncommon trap: reason=unstable_if action=reinterpret pc=0x00000278f529c0a4 method=javax.swing.MultiUIDefaults.get(Ljava/lang/Object;Ljava/util/Locale;)Ljava/lang/Object; @ 59 c2
Event: 23.928 Thread 0x000002788cb8f000 Uncommon trap: reason=unstable_if action=reinterpret pc=0x00000278f5299548 method=javax.swing.MultiUIDefaults.get(Ljava/lang/Object;Ljava/util/Locale;)Ljava/lang/Object; @ 59 c2
Event: 34.243 Thread 0x000002788e7d5000 Uncommon trap: reason=unstable_if action=reinterpret pc=0x00000278f5241b28 method=java.io.BufferedInputStream.read1([BII)I @ 60 c2
Event: 34.243 Thread 0x000002788e7d5000 Uncommon trap: reason=unstable_if action=reinterpret pc=0x00000278f52484cc method=java.io.BufferedInputStream.read1([BII)I @ 60 c2
Event: 34.714 Thread 0x000002788cb8f000 Uncommon trap: reason=unstable_if action=reinterpret pc=0x00000278f52a68c0 method=java.awt.Component.setFont(Ljava/awt/Font;)V @ 28 c2
Event: 34.767 Thread 0x000002788e7d5000 Uncommon trap: reason=unstable_if action=reinterpret pc=0x00000278f5293718 method=sun.swing.SwingUtilities2.getFRCProperty(Ljavax/swing/JComponent;)Ljava/awt/font/FontRenderContext; @ 10 c2
Event: 34.768 Thread 0x000002788e7d5000 Uncommon trap: reason=unstable_if action=reinterpret pc=0x00000278f5290c70 method=sun.swing.SwingUtilities2.getFRCFromCache(Ljava/awt/geom/AffineTransform;Ljava/lang/Object;)Ljava/awt/font/FontRenderContext; @ 1 c2

Classes redefined (0 events):
No events

Internal exceptions (10 events):
Event: 10.098 Thread 0x000002788cb8f000 Exception <a 'java/lang/NoSuchMethodError'{0x000000008981fb30}: method resolution failed> (0x000000008981fb30) thrown at [t:/workspace/open/src/hotspot/share/prims/methodHandles.cpp, line 1226]
Event: 10.636 Thread 0x000002788cb8f000 Implicit null exception at 0x00000278f528fe5d to 0x00000278f528feda
Event: 19.905 Thread 0x000002788cb8f000 Implicit null exception at 0x00000278f52a158a to 0x00000278f52a1736
Event: 19.905 Thread 0x000002788cb8f000 Implicit null exception at 0x00000278f52a26ce to 0x00000278f52a2e06
Event: 19.905 Thread 0x000002788cb8f000 Implicit null exception at 0x00000278f52a3a2b to 0x00000278f52a4746
Event: 23.927 Thread 0x000002788cb8f000 Implicit null exception at 0x00000278f529f9e2 to 0x00000278f52a0952
Event: 34.714 Thread 0x000002788cb8f000 Implicit null exception at 0x00000278f52a5cec to 0x00000278f52a68a6
Event: 34.717 Thread 0x000002788e7d5000 Exception <a 'java/lang/NoSuchMethodError'{0x0000000089533420}: java.lang.invoke.DirectMethodHandle$Holder.invokeStatic(Ljava/lang/Object;Ljava/lang/Object;Ljava/lang/Object;Ljava/lang/Object;Ljava/lang/Object;Ljava/lang/Object;Ljava/lang/Object;Ljava/lan
Event: 34.718 Thread 0x000002788e7d5000 Exception <a 'java/lang/NoSuchMethodError'{0x0000000089540cc8}: java.lang.invoke.DirectMethodHandle$Holder.invokeStatic(Ljava/lang/Object;Ljava/lang/Object;Ljava/lang/Object;Ljava/lang/Object;Ljava/lang/Object;Ljava/lang/Object;Ljava/lang/Object;Ljava/lan
Event: 34.767 Thread 0x000002788e7d5000 Implicit null exception at 0x00000278f5293515 to 0x00000278f5293702

Events (10 events):
Event: 34.722 Executing VM operation: RevokeBias
Event: 34.722 Executing VM operation: RevokeBias done
Event: 34.722 Executing VM operation: RevokeBias
Event: 34.722 Executing VM operation: RevokeBias done
Event: 34.767 Thread 0x000002788e7d5000 Uncommon trap: trap_request=0xffffff55 fr.pc=0x00000278f5293718 relative=0x0000000000000218
Event: 34.767 Thread 0x000002788e7d5000 DEOPT PACKING pc=0x00000278f5293718 sp=0x0000009cd580dd90
Event: 34.767 Thread 0x000002788e7d5000 DEOPT UNPACKING pc=0x00000278ed6e89af sp=0x0000009cd580dd20 mode 2
Event: 34.767 Thread 0x000002788e7d5000 Uncommon trap: trap_request=0xffffff55 fr.pc=0x00000278f5290c70 relative=0x0000000000000550
Event: 34.768 Thread 0x000002788e7d5000 DEOPT PACKING pc=0x00000278f5290c70 sp=0x0000009cd580dcd0
Event: 34.768 Thread 0x000002788e7d5000 DEOPT UNPACKING pc=0x00000278ed6e89af sp=0x0000009cd580dc98 mode 2


Dynamic libraries:
0x00007ff66f420000 - 0x00007ff66f45e000 	C:\Program Files\Java\jdk-10.0.1\bin\java.exe
0x00007ff8cd780000 - 0x00007ff8cd970000 	C:\WINDOWS\SYSTEM32\ntdll.dll
0x00007ff8cb990000 - 0x00007ff8cba42000 	C:\WINDOWS\System32\KERNEL32.DLL
0x00007ff8cb190000 - 0x00007ff8cb433000 	C:\WINDOWS\System32\KERNELBASE.dll
0x00007ff8cc740000 - 0x00007ff8cc7e3000 	C:\WINDOWS\System32\ADVAPI32.dll
0x00007ff8cb840000 - 0x00007ff8cb8de000 	C:\WINDOWS\System32\msvcrt.dll
0x00007ff8cd630000 - 0x00007ff8cd6c7000 	C:\WINDOWS\System32\sechost.dll
0x00007ff8cbab0000 - 0x00007ff8cbbd0000 	C:\WINDOWS\System32\RPCRT4.dll
0x00007ff8cc570000 - 0x00007ff8cc704000 	C:\WINDOWS\System32\USER32.dll
0x00007ff8cb460000 - 0x00007ff8cb481000 	C:\WINDOWS\System32\win32u.dll
0x00007ff8cc710000 - 0x00007ff8cc736000 	C:\WINDOWS\System32\GDI32.dll
0x00007ff8caf40000 - 0x00007ff8cb0d4000 	C:\WINDOWS\System32\gdi32full.dll
0x00007ff8cb790000 - 0x00007ff8cb82e000 	C:\WINDOWS\System32\msvcp_win.dll
0x00007ff8cb610000 - 0x00007ff8cb70a000 	C:\WINDOWS\System32\ucrtbase.dll
0x00007ff8bca20000 - 0x00007ff8bcca5000 	C:\WINDOWS\WinSxS\amd64_microsoft.windows.common-controls_6595b64144ccf1df_6.0.18362.720_none_e6beb5c51314836b\COMCTL32.dll
0x00007ff8c5ab0000 - 0x00007ff8c5aba000 	C:\WINDOWS\SYSTEM32\VERSION.dll
0x00007ff8cd100000 - 0x00007ff8cd436000 	C:\WINDOWS\System32\combase.dll
0x00007ff8cb710000 - 0x00007ff8cb790000 	C:\WINDOWS\System32\bcryptPrimitives.dll
0x00007ff8cd4a0000 - 0x00007ff8cd4ce000 	C:\WINDOWS\System32\IMM32.DLL
0x00007ff8aeb20000 - 0x00007ff8aec0f000 	C:\Program Files\Java\jdk-10.0.1\bin\msvcr120.dll
0x00007ff8a6270000 - 0x00007ff8a6316000 	C:\Program Files\Java\jdk-10.0.1\bin\msvcp120.dll
0x0000000072af0000 - 0x0000000073560000 	C:\Program Files\Java\jdk-10.0.1\bin\server\jvm.dll
0x00007ff8cc0d0000 - 0x00007ff8cc0d8000 	C:\WINDOWS\System32\PSAPI.DLL
0x00007ff8c28d0000 - 0x00007ff8c28d9000 	C:\WINDOWS\SYSTEM32\WSOCK32.dll
0x00007ff8cbca0000 - 0x00007ff8cbd0f000 	C:\WINDOWS\System32\WS2_32.dll
0x00007ff8c85f0000 - 0x00007ff8c8614000 	C:\WINDOWS\SYSTEM32\WINMM.dll
0x00007ff8c85c0000 - 0x00007ff8c85ed000 	C:\WINDOWS\SYSTEM32\WINMMBASE.dll
0x00007ff8cb140000 - 0x00007ff8cb18a000 	C:\WINDOWS\System32\cfgmgr32.dll
0x00007ff8c8790000 - 0x00007ff8c879f000 	C:\Program Files\Java\jdk-10.0.1\bin\verify.dll
0x00007ff8b8160000 - 0x00007ff8b8354000 	C:\WINDOWS\SYSTEM32\DBGHELP.DLL
0x00007ff8b7e80000 - 0x00007ff8b7eaa000 	C:\WINDOWS\SYSTEM32\dbgcore.DLL
0x00007ff8c2980000 - 0x00007ff8c29a7000 	C:\Program Files\Java\jdk-10.0.1\bin\java.dll
0x00007ff8c1d70000 - 0x00007ff8c1d9a000 	C:\Program Files\Java\jdk-10.0.1\bin\instrument.dll
0x00007ff8c3160000 - 0x00007ff8c3176000 	C:\Program Files\Java\jdk-10.0.1\bin\zip.dll
0x00007ff8c69a0000 - 0x00007ff8c69aa000 	C:\Program Files\Java\jdk-10.0.1\bin\jimage.dll
0x00007ff8cc870000 - 0x00007ff8ccf55000 	C:\WINDOWS\System32\SHELL32.dll
0x00007ff8cb8e0000 - 0x00007ff8cb989000 	C:\WINDOWS\System32\shcore.dll
0x00007ff8ca7c0000 - 0x00007ff8caf40000 	C:\WINDOWS\System32\windows.storage.dll
0x00007ff8ca6c0000 - 0x00007ff8ca6e3000 	C:\WINDOWS\System32\profapi.dll
0x00007ff8ca670000 - 0x00007ff8ca6ba000 	C:\WINDOWS\System32\powrprof.dll
0x00007ff8ca640000 - 0x00007ff8ca650000 	C:\WINDOWS\System32\UMPDC.dll
0x00007ff8ccf60000 - 0x00007ff8ccfb2000 	C:\WINDOWS\System32\shlwapi.dll
0x00007ff8ca6f0000 - 0x00007ff8ca701000 	C:\WINDOWS\System32\kernel.appcore.dll
0x00007ff8cb440000 - 0x00007ff8cb457000 	C:\WINDOWS\System32\cryptsp.dll
0x00007ff8c2850000 - 0x00007ff8c286a000 	C:\Program Files\Java\jdk-10.0.1\bin\net.dll
0x00007ff8c0090000 - 0x00007ff8c0181000 	C:\WINDOWS\SYSTEM32\WINHTTP.dll
0x00007ff8c9eb0000 - 0x00007ff8c9f17000 	C:\WINDOWS\system32\mswsock.dll
0x00007ff8c0e70000 - 0x00007ff8c0e81000 	C:\Program Files\Java\jdk-10.0.1\bin\nio.dll
0x00007ff8c0e50000 - 0x00007ff8c0e6a000 	C:\Program Files\JetBrains\IntelliJ IDEA Community Edition 2018.1.5\bin\breakgen64.dll
0x00007ff8a5840000 - 0x00007ff8a59db000 	C:\Program Files\Java\jdk-10.0.1\bin\awt.dll
0x00007ff8cd4e0000 - 0x00007ff8cd5a4000 	C:\WINDOWS\System32\OLEAUT32.dll
0x00007ff8c72e0000 - 0x00007ff8c78a0000 	C:\WINDOWS\SYSTEM32\d2d1.dll
0x00007ff8c8890000 - 0x00007ff8c891f000 	C:\WINDOWS\SYSTEM32\apphelp.dll
0x00007ff8c8ef0000 - 0x00007ff8c8f1d000 	C:\WINDOWS\system32\DWMAPI.DLL
0x00007ff8c89c0000 - 0x00007ff8c8a59000 	C:\WINDOWS\system32\uxtheme.dll
0x00007ff8945c0000 - 0x00007ff894716000 	C:\WINDOWS\system32\opengl32.dll
0x00007ff8ac8c0000 - 0x00007ff8ac8ec000 	C:\WINDOWS\SYSTEM32\GLU32.dll
0x00007ff8c9320000 - 0x00007ff8c9340000 	C:\WINDOWS\SYSTEM32\dxcore.dll
0x00007ff8ccfc0000 - 0x00007ff8cd0f6000 	C:\WINDOWS\System32\MSCTF.dll
0x00007ff8cbec0000 - 0x00007ff8cc017000 	C:\WINDOWS\System32\ole32.dll
0x00007ff8c1de0000 - 0x00007ff8c1fa7000 	C:\WINDOWS\system32\d3d9.dll
0x00007ff8c2520000 - 0x00007ff8c260f000 	C:\WINDOWS\System32\DriverStore\FileRepository\nvmdi.inf_amd64_8479fe3bc945f000\nvldumdx.dll
0x00007ff8cb490000 - 0x00007ff8cb5d9000 	C:\WINDOWS\System32\crypt32.dll
0x00007ff8ca650000 - 0x00007ff8ca662000 	C:\WINDOWS\System32\MSASN1.dll
0x00007ff8cb0e0000 - 0x00007ff8cb13c000 	C:\WINDOWS\System32\WINTRUST.DLL
0x00007ff8cc0e0000 - 0x00007ff8cc0fd000 	C:\WINDOWS\System32\imagehlp.dll
0x00007ff8c9a20000 - 0x00007ff8c9a53000 	C:\WINDOWS\system32\rsaenh.dll
0x00007ff8cb5e0000 - 0x00007ff8cb606000 	C:\WINDOWS\System32\bcrypt.dll
0x00007ff8ca080000 - 0x00007ff8ca08c000 	C:\WINDOWS\SYSTEM32\CRYPTBASE.dll
0x00007ff89edd0000 - 0x00007ff8a02d4000 	C:\WINDOWS\System32\DriverStore\FileRepository\nvmdi.inf_amd64_8479fe3bc945f000\nvd3dumx.dll
0x00007ff8a6320000 - 0x00007ff8a65e2000 	C:\WINDOWS\system32\nvspcap64.dll
0x00007ff8c96a0000 - 0x00007ff8c96d1000 	C:\WINDOWS\SYSTEM32\ntmarta.dll
0x00007ff8c5a60000 - 0x00007ff8c5a8f000 	C:\WINDOWS\SYSTEM32\cryptnet.dll
0x00007ff8c9260000 - 0x00007ff8c9282000 	C:\WINDOWS\SYSTEM32\gpapi.dll
0x00007ff8c09c0000 - 0x00007ff8c0a25000 	C:\Program Files\Java\jdk-10.0.1\bin\fontmanager.dll
0x00007ff8c0d80000 - 0x00007ff8c0dc2000 	C:\Program Files\Java\jdk-10.0.1\bin\t2k.dll
0x00007ff8b5110000 - 0x00007ff8b513b000 	C:\Program Files\Java\jdk-10.0.1\bin\javajpeg.dll
0x00007ff8c28e0000 - 0x00007ff8c28ec000 	C:\Program Files\Java\jdk-10.0.1\bin\jsound.dll
0x00007ff8c2140000 - 0x00007ff8c214c000 	C:\Program Files\Java\jdk-10.0.1\bin\jsoundds.dll
0x00007ff8971c0000 - 0x00007ff897259000 	C:\WINDOWS\SYSTEM32\DSOUND.dll
0x00007ff8cc020000 - 0x00007ff8cc0c2000 	C:\WINDOWS\System32\clbcatq.dll
0x00007ff8c5650000 - 0x00007ff8c56c2000 	C:\WINDOWS\System32\MMDevApi.dll
0x00007ff8ca440000 - 0x00007ff8ca46a000 	C:\WINDOWS\System32\DEVOBJ.dll
0x00007ff8b2220000 - 0x00007ff8b2264000 	C:\WINDOWS\SYSTEM32\wdmaud.drv
0x00007ff8bba20000 - 0x00007ff8bba29000 	C:\WINDOWS\SYSTEM32\ksuser.dll
0x00007ff8c6820000 - 0x00007ff8c682a000 	C:\WINDOWS\SYSTEM32\AVRT.dll
0x00007ff8c5890000 - 0x00007ff8c59ed000 	C:\WINDOWS\SYSTEM32\AUDIOSES.DLL
0x00007ff8c6110000 - 0x00007ff8c6263000 	C:\WINDOWS\SYSTEM32\wintypes.dll
0x00007ff8bb2d0000 - 0x00007ff8bb2dd000 	C:\WINDOWS\SYSTEM32\msacm32.drv
0x00007ff8b2200000 - 0x00007ff8b221c000 	C:\WINDOWS\SYSTEM32\MSACM32.dll
0x00007ff8bac60000 - 0x00007ff8bac6a000 	C:\WINDOWS\SYSTEM32\midimap.dll
0x00007ff8c5450000 - 0x00007ff8c55ff000 	C:\WINDOWS\SYSTEM32\WindowsCodecs.dll
0x00007ff8b42c0000 - 0x00007ff8b42fa000 	C:\WINDOWS\system32\dataexchange.dll
0x00007ff8c78a0000 - 0x00007ff8c7afb000 	C:\WINDOWS\system32\d3d11.dll
0x00007ff8c8070000 - 0x00007ff8c824b000 	C:\WINDOWS\system32\dcomp.dll
0x00007ff8c9340000 - 0x00007ff8c942b000 	C:\WINDOWS\system32\dxgi.dll
0x00007ff8c8a80000 - 0x00007ff8c8cda000 	C:\WINDOWS\system32\twinapi.appcore.dll
0x00007ff8c8ec0000 - 0x00007ff8c8ee9000 	C:\WINDOWS\system32\RMCLIENT.dll
0x00007ff8c07b0000 - 0x00007ff8c084e000 	C:\WINDOWS\System32\TextInputFramework.dll
0x00007ff8c7f90000 - 0x00007ff8c8064000 	C:\WINDOWS\System32\CoreMessaging.dll
0x00007ff8c5bb0000 - 0x00007ff8c5eda000 	C:\WINDOWS\System32\CoreUIComponents.dll
0x00007ff8bd6c0000 - 0x00007ff8bd966000 	C:\WINDOWS\System32\iertutil.dll
0x00007ff8c8ce0000 - 0x00007ff8c8cf4000 	C:\WINDOWS\SYSTEM32\resourcepolicyclient.dll
0x00007ff8c0850000 - 0x00007ff8c09a1000 	C:\Windows\System32\Windows.UI.dll
0x00007ff8c0690000 - 0x00007ff8c07aa000 	C:\Windows\System32\InputHost.dll
0x00007ff8c6ec0000 - 0x00007ff8c6faf000 	C:\Windows\System32\PROPSYS.dll

dbghelp: loaded successfully - version: 4.0.5 - missing functions: none
symbol engine: initialized successfully - sym options: 0x614 - pdb path: .;C:\Program Files\Java\jdk-10.0.1\bin;C:\WINDOWS\SYSTEM32;C:\WINDOWS\WinSxS\amd64_microsoft.windows.common-controls_6595b64144ccf1df_6.0.18362.720_none_e6beb5c51314836b;C:\Program Files\Java\jdk-10.0.1\bin\server;C:\Program Files\JetBrains\IntelliJ IDEA Community Edition 2018.1.5\bin;C:\WINDOWS\System32\DriverStore\FileRepository\nvmdi.inf_amd64_8479fe3bc945f000

VM Arguments:
jvm_args: -javaagent:C:\Program Files\JetBrains\IntelliJ IDEA Community Edition 2018.1.5\lib\idea_rt.jar=58249:C:\Program Files\JetBrains\IntelliJ IDEA Community Edition 2018.1.5\bin -Dfile.encoding=UTF-8 
java_command: untitled5.untitled5
java_class_path (initial): C:\Users\sinan\Desktop\mp3_player_project\out\production\mp3_player_project;C:\Users\sinan\Desktop\mp3_player_project\libs\jlayer-1.0.1.jar;C:\Users\sinan\Desktop\mp3_player_project\libs\jaudiotagger-2.0.2.jar;C:\Users\sinan\Desktop\mp3_player_project\libs\jave-1.0.2.jar
Launcher Type: SUN_STANDARD

Logging:
Log output configuration:
#0: stdout all=warning uptime,level,tags
#1: stderr all=off uptime,level,tags

Environment Variables:
PATH=C:\Program Files (x86)\Common Files\Oracle\Java\javapath;C:\Windows\system32;C:\Windows;C:\Windows\System32\Wbem;C:\Windows\System32\WindowsPowerShell\v1.0\;C:\Program Files\Java\jdk-10.0.1\bin;C:\Program Files (x86)\NVIDIA Corporation\PhysX\Common;C:\WINDOWS\system32;C:\WINDOWS;C:\WINDOWS\System32\Wbem;C:\WINDOWS\System32\WindowsPowerShell\v1.0\;C:\WINDOWS\System32\OpenSSH\;C:\Program Files\NVIDIA Corporation\NVIDIA NvDLISR;C:\Users\sinan\AppData\Local\Microsoft\WindowsApps;C:\Users\sinan\AppData\Local\Microsoft\WindowsApps;C:\Users\sinan\AppData\Local\GitHubDesktop\bin;C:\Users\sinan\AppData\Local\atom\bin
USERNAME=sinan
OS=Windows_NT
PROCESSOR_IDENTIFIER=Intel64 Family 6 Model 42 Stepping 7, GenuineIntel



---------------  S Y S T E M  ---------------

OS: Windows 10 , 64 bit Build 18362 (10.0.18362.329)

CPU:total 4 (initial active 4) (4 cores per cpu, 1 threads per core) family 6 model 42 stepping 7, cmov, cx8, fxsr, mmx, sse, sse2, sse3, ssse3, sse4.1, sse4.2, popcnt, avx, aes, clmul, tsc, tscinvbit

Memory: 4k page, physical 8262304k(2326952k free), swap 22840608k(4124k free)

vm_info: Java HotSpot(TM) 64-Bit Server VM (10.0.1+10) for windows-amd64 JRE (10.0.1+10), built on Mar 27 2018 02:27:48 by "mach5one" with MS VC++ 12.0 (VS2013)

END.
